==77294==Registered root region at 0x7ffff6200f40 of size 64
==77294==Registered root region at 0x7ffff5e007a0 of size 32
==77294==Unregistered root region at 0x7ffff6200f40 of size 64
==77294==Unregistered root region at 0x7ffff5e007a0 of size 32
==77294==AddressSanitizer: failed to intercept '__isoc99_printf'
==77294==Registered root region at 0x7ffff6200f40 of size 64
==77294==Registered root region at 0x7ffff5e007a0 of size 32
==77294==Unregistered root region at 0x7ffff6200f40 of size 64
==77294==Unregistered root region at 0x7ffff5e007a0 of size 32
==77294==AddressSanitizer: failed to intercept '__isoc99_sprintf'
==77294==Registered root region at 0x7ffff6200f40 of size 64
==77294==Registered root region at 0x7ffff5e007a0 of size 32
==77294==Unregistered root region at 0x7ffff6200f40 of size 64
==77294==Unregistered root region at 0x7ffff5e007a0 of size 32
==77294==AddressSanitizer: failed to intercept '__isoc99_snprintf'
==77294==Registered root region at 0x7ffff6200f40 of size 64
==77294==Registered root region at 0x7ffff5e007a0 of size 32
==77294==Unregistered root region at 0x7ffff6200f40 of size 64
==77294==Unregistered root region at 0x7ffff5e007a0 of size 32
==77294==AddressSanitizer: failed to intercept '__isoc99_fprintf'
==77294==Registered root region at 0x7ffff6200f40 of size 64
==77294==Registered root region at 0x7ffff5e007a0 of size 32
==77294==Unregistered root region at 0x7ffff6200f40 of size 64
==77294==Unregistered root region at 0x7ffff5e007a0 of size 32
==77294==AddressSanitizer: failed to intercept '__isoc99_vprintf'
==77294==Registered root region at 0x7ffff6200f40 of size 64
==77294==Registered root region at 0x7ffff5e007a0 of size 32
==77294==Unregistered root region at 0x7ffff6200f40 of size 64
==77294==Unregistered root region at 0x7ffff5e007a0 of size 32
==77294==AddressSanitizer: failed to intercept '__isoc99_vsprintf'
==77294==Registered root region at 0x7ffff6200f40 of size 64
==77294==Registered root region at 0x7ffff5e007a0 of size 32
==77294==Unregistered root region at 0x7ffff6200f40 of size 64
==77294==Unregistered root region at 0x7ffff5e007a0 of size 32
==77294==AddressSanitizer: failed to intercept '__isoc99_vsnprintf'
==77294==Registered root region at 0x7ffff6200f40 of size 64
==77294==Registered root region at 0x7ffff5e007a0 of size 32
==77294==Unregistered root region at 0x7ffff6200f40 of size 64
==77294==Unregistered root region at 0x7ffff5e007a0 of size 32
==77294==AddressSanitizer: failed to intercept '__isoc99_vfprintf'
==77294==Registered root region at 0x7ffff6200f40 of size 64
==77294==Registered root region at 0x7ffff5e007a0 of size 32
==77294==Unregistered root region at 0x7ffff6200f40 of size 64
==77294==Unregistered root region at 0x7ffff5e007a0 of size 32
==77294==AddressSanitizer: failed to intercept '__b64_ntop'
==77294==Registered root region at 0x7ffff6200f40 of size 64
==77294==Registered root region at 0x7ffff5e007a0 of size 32
==77294==Unregistered root region at 0x7ffff6200f40 of size 64
==77294==Unregistered root region at 0x7ffff5e007a0 of size 32
==77294==AddressSanitizer: failed to intercept '__b64_pton'
==77294==Registered root region at 0x7ffff5c01310 of size 80
==77294==Registered root region at 0x7ffff5e007a0 of size 32
==77294==Unregistered root region at 0x7ffff5c01310 of size 80
==77294==Unregistered root region at 0x7ffff5e007a0 of size 32
==77294==AddressSanitizer: failed to intercept 'pthread_mutexattr_getrobust_np'
==77294==Registered root region at 0x7ffff6200f40 of size 64
==77294==Registered root region at 0x7ffff5e007a0 of size 32
==77294==Unregistered root region at 0x7ffff6200f40 of size 64
==77294==Unregistered root region at 0x7ffff5e007a0 of size 32
==77294==AddressSanitizer: failed to intercept 'xdrmem_create'
==77294==Registered root region at 0x7ffff6200f40 of size 64
==77294==Registered root region at 0x7ffff5e007a0 of size 32
==77294==Unregistered root region at 0x7ffff6200f40 of size 64
==77294==Unregistered root region at 0x7ffff5e007a0 of size 32
==77294==AddressSanitizer: failed to intercept 'xdrstdio_create'
==77294==Registered root region at 0x7ffff6200f40 of size 64
==77294==Registered root region at 0x7ffff5e007a0 of size 32
==77294==Unregistered root region at 0x7ffff6200f40 of size 64
==77294==Unregistered root region at 0x7ffff5e007a0 of size 32
==77294==AddressSanitizer: failed to intercept 'xdr_short'
==77294==Registered root region at 0x7ffff6200f40 of size 64
==77294==Registered root region at 0x7ffff5e007a0 of size 32
==77294==Unregistered root region at 0x7ffff6200f40 of size 64
==77294==Unregistered root region at 0x7ffff5e007a0 of size 32
==77294==AddressSanitizer: failed to intercept 'xdr_u_short'
==77294==Registered root region at 0x7ffff5a00b70 of size 48
==77294==Registered root region at 0x7ffff5e007a0 of size 32
==77294==Unregistered root region at 0x7ffff5a00b70 of size 48
==77294==Unregistered root region at 0x7ffff5e007a0 of size 32
==77294==AddressSanitizer: failed to intercept 'xdr_int'
==77294==Registered root region at 0x7ffff6200f40 of size 64
==77294==Registered root region at 0x7ffff5e007a0 of size 32
==77294==Unregistered root region at 0x7ffff6200f40 of size 64
==77294==Unregistered root region at 0x7ffff5e007a0 of size 32
==77294==AddressSanitizer: failed to intercept 'xdr_u_int'
==77294==Registered root region at 0x7ffff6200f40 of size 64
==77294==Registered root region at 0x7ffff5e007a0 of size 32
==77294==Unregistered root region at 0x7ffff6200f40 of size 64
==77294==Unregistered root region at 0x7ffff5e007a0 of size 32
==77294==AddressSanitizer: failed to intercept 'xdr_long'
==77294==Registered root region at 0x7ffff6200f40 of size 64
==77294==Registered root region at 0x7ffff5e007a0 of size 32
==77294==Unregistered root region at 0x7ffff6200f40 of size 64
==77294==Unregistered root region at 0x7ffff5e007a0 of size 32
==77294==AddressSanitizer: failed to intercept 'xdr_u_long'
==77294==Registered root region at 0x7ffff6200f40 of size 64
==77294==Registered root region at 0x7ffff5e007a0 of size 32
==77294==Unregistered root region at 0x7ffff6200f40 of size 64
==77294==Unregistered root region at 0x7ffff5e007a0 of size 32
==77294==AddressSanitizer: failed to intercept 'xdr_hyper'
==77294==Registered root region at 0x7ffff6200f40 of size 64
==77294==Registered root region at 0x7ffff5e007a0 of size 32
==77294==Unregistered root region at 0x7ffff6200f40 of size 64
==77294==Unregistered root region at 0x7ffff5e007a0 of size 32
==77294==AddressSanitizer: failed to intercept 'xdr_u_hyper'
==77294==Registered root region at 0x7ffff6200f40 of size 64
==77294==Registered root region at 0x7ffff5e007a0 of size 32
==77294==Unregistered root region at 0x7ffff6200f40 of size 64
==77294==Unregistered root region at 0x7ffff5e007a0 of size 32
==77294==AddressSanitizer: failed to intercept 'xdr_longlong_t'
==77294==Registered root region at 0x7ffff6200f40 of size 64
==77294==Registered root region at 0x7ffff5e007a0 of size 32
==77294==Unregistered root region at 0x7ffff6200f40 of size 64
==77294==Unregistered root region at 0x7ffff5e007a0 of size 32
==77294==AddressSanitizer: failed to intercept 'xdr_u_longlong_t'
==77294==Registered root region at 0x7ffff6200f40 of size 64
==77294==Registered root region at 0x7ffff5e007a0 of size 32
==77294==Unregistered root region at 0x7ffff6200f40 of size 64
==77294==Unregistered root region at 0x7ffff5e007a0 of size 32
==77294==AddressSanitizer: failed to intercept 'xdr_int8_t'
==77294==Registered root region at 0x7ffff6200f40 of size 64
==77294==Registered root region at 0x7ffff5e007a0 of size 32
==77294==Unregistered root region at 0x7ffff6200f40 of size 64
==77294==Unregistered root region at 0x7ffff5e007a0 of size 32
==77294==AddressSanitizer: failed to intercept 'xdr_uint8_t'
==77294==Registered root region at 0x7ffff6200f40 of size 64
==77294==Registered root region at 0x7ffff5e007a0 of size 32
==77294==Unregistered root region at 0x7ffff6200f40 of size 64
==77294==Unregistered root region at 0x7ffff5e007a0 of size 32
==77294==AddressSanitizer: failed to intercept 'xdr_int16_t'
==77294==Registered root region at 0x7ffff6200f40 of size 64
==77294==Registered root region at 0x7ffff5e007a0 of size 32
==77294==Unregistered root region at 0x7ffff6200f40 of size 64
==77294==Unregistered root region at 0x7ffff5e007a0 of size 32
==77294==AddressSanitizer: failed to intercept 'xdr_uint16_t'
==77294==Registered root region at 0x7ffff6200f40 of size 64
==77294==Registered root region at 0x7ffff5e007a0 of size 32
==77294==Unregistered root region at 0x7ffff6200f40 of size 64
==77294==Unregistered root region at 0x7ffff5e007a0 of size 32
==77294==AddressSanitizer: failed to intercept 'xdr_int32_t'
==77294==Registered root region at 0x7ffff6200f40 of size 64
==77294==Registered root region at 0x7ffff5e007a0 of size 32
==77294==Unregistered root region at 0x7ffff6200f40 of size 64
==77294==Unregistered root region at 0x7ffff5e007a0 of size 32
==77294==AddressSanitizer: failed to intercept 'xdr_uint32_t'
==77294==Registered root region at 0x7ffff6200f40 of size 64
==77294==Registered root region at 0x7ffff5e007a0 of size 32
==77294==Unregistered root region at 0x7ffff6200f40 of size 64
==77294==Unregistered root region at 0x7ffff5e007a0 of size 32
==77294==AddressSanitizer: failed to intercept 'xdr_int64_t'
==77294==Registered root region at 0x7ffff6200f40 of size 64
==77294==Registered root region at 0x7ffff5e007a0 of size 32
==77294==Unregistered root region at 0x7ffff6200f40 of size 64
==77294==Unregistered root region at 0x7ffff5e007a0 of size 32
==77294==AddressSanitizer: failed to intercept 'xdr_uint64_t'
==77294==Registered root region at 0x7ffff6200f40 of size 64
==77294==Registered root region at 0x7ffff5e007a0 of size 32
==77294==Unregistered root region at 0x7ffff6200f40 of size 64
==77294==Unregistered root region at 0x7ffff5e007a0 of size 32
==77294==AddressSanitizer: failed to intercept 'xdr_quad_t'
==77294==Registered root region at 0x7ffff6200f40 of size 64
==77294==Registered root region at 0x7ffff5e007a0 of size 32
==77294==Unregistered root region at 0x7ffff6200f40 of size 64
==77294==Unregistered root region at 0x7ffff5e007a0 of size 32
==77294==AddressSanitizer: failed to intercept 'xdr_u_quad_t'
==77294==Registered root region at 0x7ffff6200f40 of size 64
==77294==Registered root region at 0x7ffff5e007a0 of size 32
==77294==Unregistered root region at 0x7ffff6200f40 of size 64
==77294==Unregistered root region at 0x7ffff5e007a0 of size 32
==77294==AddressSanitizer: failed to intercept 'xdr_bool'
==77294==Registered root region at 0x7ffff6200f40 of size 64
==77294==Registered root region at 0x7ffff5e007a0 of size 32
==77294==Unregistered root region at 0x7ffff6200f40 of size 64
==77294==Unregistered root region at 0x7ffff5e007a0 of size 32
==77294==AddressSanitizer: failed to intercept 'xdr_enum'
==77294==Registered root region at 0x7ffff6200f40 of size 64
==77294==Registered root region at 0x7ffff5e007a0 of size 32
==77294==Unregistered root region at 0x7ffff6200f40 of size 64
==77294==Unregistered root region at 0x7ffff5e007a0 of size 32
==77294==AddressSanitizer: failed to intercept 'xdr_char'
==77294==Registered root region at 0x7ffff6200f40 of size 64
==77294==Registered root region at 0x7ffff5e007a0 of size 32
==77294==Unregistered root region at 0x7ffff6200f40 of size 64
==77294==Unregistered root region at 0x7ffff5e007a0 of size 32
==77294==AddressSanitizer: failed to intercept 'xdr_u_char'
==77294==Registered root region at 0x7ffff6200f40 of size 64
==77294==Registered root region at 0x7ffff5e007a0 of size 32
==77294==Unregistered root region at 0x7ffff6200f40 of size 64
==77294==Unregistered root region at 0x7ffff5e007a0 of size 32
==77294==AddressSanitizer: failed to intercept 'xdr_float'
==77294==Registered root region at 0x7ffff6200f40 of size 64
==77294==Registered root region at 0x7ffff5e007a0 of size 32
==77294==Unregistered root region at 0x7ffff6200f40 of size 64
==77294==Unregistered root region at 0x7ffff5e007a0 of size 32
==77294==AddressSanitizer: failed to intercept 'xdr_double'
==77294==Registered root region at 0x7ffff6200f40 of size 64
==77294==Registered root region at 0x7ffff5e007a0 of size 32
==77294==Unregistered root region at 0x7ffff6200f40 of size 64
==77294==Unregistered root region at 0x7ffff5e007a0 of size 32
==77294==AddressSanitizer: failed to intercept 'xdr_bytes'
==77294==Registered root region at 0x7ffff6200f40 of size 64
==77294==Registered root region at 0x7ffff5e007a0 of size 32
==77294==Unregistered root region at 0x7ffff6200f40 of size 64
==77294==Unregistered root region at 0x7ffff5e007a0 of size 32
==77294==AddressSanitizer: failed to intercept 'xdr_string'
==77294==Registered root region at 0x7ffff6200f40 of size 64
==77294==Registered root region at 0x7ffff5e007a0 of size 32
==77294==Unregistered root region at 0x7ffff6200f40 of size 64
==77294==Unregistered root region at 0x7ffff5e007a0 of size 32
==77294==AddressSanitizer: failed to intercept 'xdrrec_create'
==77294==Registered root region at 0x7ffff6200f40 of size 64
==77294==Registered root region at 0x7ffff5e007a0 of size 32
==77294==Unregistered root region at 0x7ffff6200f40 of size 64
==77294==Unregistered root region at 0x7ffff5e007a0 of size 32
==77294==AddressSanitizer: failed to intercept 'xdr_destroy'
==77294==AddressSanitizer: libc interceptors initialized
|| `[0x10007fff8000, 0x7fffffffffff]` || HighMem    ||
|| `[0x02008fff7000, 0x10007fff7fff]` || HighShadow ||
|| `[0x00008fff7000, 0x02008fff6fff]` || ShadowGap  ||
|| `[0x00007fff8000, 0x00008fff6fff]` || LowShadow  ||
|| `[0x000000000000, 0x00007fff7fff]` || LowMem     ||
MemToShadow(shadow): 0x00008fff7000 0x000091ff6dff 0x004091ff6e00 0x02008fff6fff
redzone=16
max_redzone=2048
quarantine_size_mb=256M
thread_local_quarantine_size_kb=1024K
malloc_context_size=30
SHADOW_SCALE: 3
SHADOW_GRANULARITY: 8
SHADOW_OFFSET: 0x7fff8000
==77294==Installed the sigaction for signal 11
==77294==Installed the sigaction for signal 7
==77294==Installed the sigaction for signal 8
==77294==T0: FakeStack created: 0x7ffff46f7000 -- 0x7ffff5200000 stack_size_log: 20; mmapped 11300K, noreserve=0 
==77294==T0: stack [0x7fffff7ff000,0x7ffffffff000) size 0x800000; local=0x7fffffffe1e4
==77294==AddressSanitizer Init done
==77294==LeakSanitizer: checking for leaks==77296==Processing thread 77294.
==77296==Stack at 0x7fffff7ff000-0x7ffffffff000 (SP = 0x7fffffffdfe0).
==77296==TLS at 0x7ffff7ee3000-0x7ffff7ee41c0.
b 10: (1028) - (1028) = (0)
b256: (0 0 4 4) - (0 0 4 4) = (0)

b 10: (1028) + (1028) = (2056)
b256: (0 0 4 4) + (0 0 4 4) = (0 0 8 8)

b 10: (1028) * (1028) = (1056784)
b256: (0 0 4 4) * (0 0 4 4) = (0 16 32 16)

(0)
b 10: (1028) / (1028) = (0)
b256: (0 0 4 4) / (0 0 4 4) = (0)

